c:\quizapplication\quizapp\quizapp\x64\release\vc143.pdb
c:\quizapplication\quizapp\quizapp\x64\release\mysqlconnection.obj
c:\quizapplication\quizapp\quizapp\x64\release\user.obj
c:\quizapplication\quizapp\quizapp\x64\release\quizmain.obj
c:\quizapplication\quizapp\quizapp\x64\release\quizadmin.obj
c:\quizapplication\quizapp\quizapp\x64\release\quiz.obj
c:\quizapplication\quizapp\quizapp\x64\release\authentication.obj
c:\quizapplication\quizapp\quizapp\x64\release\progresstracker.obj
c:\quizapplication\quizapp\quizapp\x64\release\question.obj
c:\quizapplication\quizapp\x64\release\quizapp.lib
c:\quizapplication\quizapp\x64\release\quizapp.exp
c:\quizapplication\quizapp\quizapp\x64\release\quizapp.ipdb
c:\quizapplication\quizapp\quizapp\x64\release\quizapp.iobj
c:\quizapplication\quizapp\quizapp\x64\release\mysqlcon.obj
c:\quizapplication\quizapp\quizapp\x64\release\mysqlcon.nativecodeanalysis.xml
c:\quizapplication\quizapp\quizapp\x64\release\vc.nativecodeanalysis.all.xml
c:\quizapplication\quizapp\x64\release\quizapp.pdb
c:\quizapplication\quizapp\quizapp\x64\release\quizapp.tlog\cl.command.1.tlog
c:\quizapplication\quizapp\quizapp\x64\release\quizapp.tlog\cl.items.tlog
c:\quizapplication\quizapp\quizapp\x64\release\quizapp.tlog\cl.read.1.tlog
c:\quizapplication\quizapp\quizapp\x64\release\quizapp.tlog\cl.write.1.tlog
c:\quizapplication\quizapp\quizapp\x64\release\quizapp.tlog\link.command.1.tlog
c:\quizapplication\quizapp\quizapp\x64\release\quizapp.tlog\link.read.1.tlog
c:\quizapplication\quizapp\quizapp\x64\release\quizapp.tlog\link.secondary.1.tlog
c:\quizapplication\quizapp\quizapp\x64\release\quizapp.tlog\link.write.1.tlog
c:\quizapplication\quizapp\quizapp\x64\release\quizapp.tlog\rc.command.1.tlog
c:\quizapplication\quizapp\quizapp\x64\release\quizapp.tlog\rc.read.1.tlog
c:\quizapplication\quizapp\quizapp\x64\release\quizapp.tlog\rc.write.1.tlog
